"E:\Harmony\DevEco Studio\tools\node\node.exe" "E:\Harmony\DevEco Studio\tools\hvigor\bin\hvigorw.js" --mode module -p module=entry@default -p product=default -p requiredDeviceType=phone assembleHap --analyze=normal --parallel --incremental --daemon
> hvigor UP-TO-DATE :entry:default@PreBuild...  
> hvigor Finished :entry:default@CreateModuleInfo... after 1 ms 
> hvigor UP-TO-DATE :entry:default@GenerateMetadata...  
> hvigor Finished :entry:default@ConfigureCmake... after 1 ms 
> hvigor UP-TO-DATE :entry:default@MergeProfile...  
> hvigor UP-TO-DATE :entry:default@CreateBuildProfile...  
> hvigor Finished :entry:default@PreCheckSyscap... after 1 ms 
> hvigor UP-TO-DATE :entry:default@GeneratePkgContextInfo...  
> hvigor Finished :entry:default@ProcessIntegratedHsp... after 1 ms 
> hvigor Finished :entry:default@BuildNativeWithCmake... after 1 ms 
> hvigor UP-TO-DATE :entry:default@MakePackInfo...  
> hvigor Finished :entry:default@SyscapTransform... after 5 ms 
> hvigor UP-TO-DATE :entry:default@ProcessProfile...  
> hvigor UP-TO-DATE :entry:default@ProcessRouterMap...  
> hvigor UP-TO-DATE :entry:default@ProcessShareConfig...  
> hvigor Finished :entry:default@ProcessStartupConfig... after 5 ms 
> hvigor Finished :entry:default@BuildNativeWithNinja... after 1 ms 
> hvigor UP-TO-DATE :entry:default@ProcessResource...  
> hvigor UP-TO-DATE :entry:default@GenerateLoaderJson...  
> hvigor UP-TO-DATE :entry:default@ProcessLibs...  
> hvigor UP-TO-DATE :entry:default@CompileResource...  
> hvigor UP-TO-DATE :entry:default@DoNativeStrip...  
> hvigor Finished :entry:default@BuildJS... after 13 ms 
> hvigor UP-TO-DATE :entry:default@CacheNativeLibs...  
> hvigor ERROR: Failed :entry:default@CompileArkTS... 
> hvigor WARN: 
1 WARN: ArkTS:WARN File: E:/Harmony/HarmoneyClassFile/MusicTest/entry/src/main/ets/component/AppMusicTabbar.ets:203:7
 Function may throw exceptions. Special handling is required.

2 WARN: ArkTS:WARN File: E:/Harmony/HarmoneyClassFile/MusicTest/entry/src/main/ets/component/AppMusicTabbar.ets:206:7
 Function may throw exceptions. Special handling is required.

> hvigor ERROR: ArkTS Compiler Error
1 ERROR: 10505001 ArkTS Compiler Error
Error Message: Cannot assign to 'showVolumeSlider' because it is a read-only property. At File: E:/Harmony/HarmoneyClassFile/MusicTest/entry/src/main/ets/component/VolumeControl.ets:16:16


2 ERROR: 10905324 ArkTS Compiler Error
Error Message: The 'regular' property 'onMusicClick' in the custom component 'MusicTabContent' cannot be initialized here (forbidden to specify). At File: E:/Harmony/HarmoneyClassFile/MusicTest/entry/src/main/ets/pages/Index.ets:36:17


3 ERROR: 10905324 ArkTS Compiler Error
Error Message: The 'regular' property 'onDownloadClick' in the custom component 'MusicTabContent' cannot be initialized here (forbidden to specify). At File: E:/Harmony/HarmoneyClassFile/MusicTest/entry/src/main/ets/pages/Index.ets:43:17


4 ERROR: 10905324 ArkTS Compiler Error
Error Message: The 'regular' property 'onCollectClick' in the custom component 'MusicTabContent' cannot be initialized here (forbidden to specify). At File: E:/Harmony/HarmoneyClassFile/MusicTest/entry/src/main/ets/pages/Index.ets:46:17


5 ERROR: 10905324 ArkTS Compiler Error
Error Message: The 'regular' property 'onMusicClick' in the custom component 'MusicTabContent' cannot be initialized here (forbidden to specify). At File: E:/Harmony/HarmoneyClassFile/MusicTest/entry/src/main/ets/pages/Index.ets:55:17


6 ERROR: 10905324 ArkTS Compiler Error
Error Message: The 'regular' property 'onDownloadClick' in the custom component 'MusicTabContent' cannot be initialized here (forbidden to specify). At File: E:/Harmony/HarmoneyClassFile/MusicTest/entry/src/main/ets/pages/Index.ets:59:17


7 ERROR: 10905324 ArkTS Compiler Error
Error Message: The 'regular' property 'onCollectClick' in the custom component 'MusicTabContent' cannot be initialized here (forbidden to specify). At File: E:/Harmony/HarmoneyClassFile/MusicTest/entry/src/main/ets/pages/Index.ets:62:17


8 ERROR: 10905324 ArkTS Compiler Error
Error Message: The 'regular' property 'onMusicClick' in the custom component 'MusicTabContent' cannot be initialized here (forbidden to specify). At File: E:/Harmony/HarmoneyClassFile/MusicTest/entry/src/main/ets/pages/Index.ets:71:17


9 ERROR: 10905324 ArkTS Compiler Error
Error Message: The 'regular' property 'onDownloadClick' in the custom component 'MusicTabContent' cannot be initialized here (forbidden to specify). At File: E:/Harmony/HarmoneyClassFile/MusicTest/entry/src/main/ets/pages/Index.ets:75:17


10 ERROR: 10905324 ArkTS Compiler Error
Error Message: The 'regular' property 'onCollectClick' in the custom component 'MusicTabContent' cannot be initialized here (forbidden to specify). At File: E:/Harmony/HarmoneyClassFile/MusicTest/entry/src/main/ets/pages/Index.ets:78:17


11 ERROR: 10905321 ArkTS Compiler Error
Error Message: '@Require' decorated 'onPreviousClick' must be initialized through the component constructor. At File: E:/Harmony/HarmoneyClassFile/MusicTest/entry/src/main/ets/pages/Index.ets:94:11


12 ERROR: 10905321 ArkTS Compiler Error
Error Message: '@Require' decorated 'onNextClick' must be initialized through the component constructor. At File: E:/Harmony/HarmoneyClassFile/MusicTest/entry/src/main/ets/pages/Index.ets:94:11


13 ERROR: 10905321 ArkTS Compiler Error
Error Message: '@Require' decorated 'onPlaylistClick' must be initialized through the component constructor. At File: E:/Harmony/HarmoneyClassFile/MusicTest/entry/src/main/ets/pages/Index.ets:94:11


14 ERROR: 10905229 ArkTS Compiler Error
Error Message: The struct 'MusicTabContent' can not be decorated with '@ComponentV2' and '@Component', '@Reusable', '@CustomDialog' at the same time. At File: E:/Harmony/HarmoneyClassFile/MusicTest/entry/src/main/ets/component/TabContentBuilder.ets:6:14


15 ERROR: 10905324 ArkTS Compiler Error
Error Message: The 'regular' property 'onMusicClick' in the custom component 'MusicListContainer' cannot be initialized here (forbidden to specify). At File: E:/Harmony/HarmoneyClassFile/MusicTest/entry/src/main/ets/component/TabContentBuilder.ets:17:9


16 ERROR: 10905324 ArkTS Compiler Error
Error Message: The 'regular' property 'onDownloadClick' in the custom component 'MusicListContainer' cannot be initialized here (forbidden to specify). At File: E:/Harmony/HarmoneyClassFile/MusicTest/entry/src/main/ets/component/TabContentBuilder.ets:18:9


17 ERROR: 10905324 ArkTS Compiler Error
Error Message: The 'regular' property 'onCollectClick' in the custom component 'MusicListContainer' cannot be initialized here (forbidden to specify). At File: E:/Harmony/HarmoneyClassFile/MusicTest/entry/src/main/ets/component/TabContentBuilder.ets:19:9


18 ERROR: 10905229 ArkTS Compiler Error
Error Message: The struct 'VolumeControl' can not be decorated with '@ComponentV2' and '@Component', '@Reusable', '@CustomDialog' at the same time. At File: E:/Harmony/HarmoneyClassFile/MusicTest/entry/src/main/ets/component/VolumeControl.ets:3:14


19 ERROR: 10905229 ArkTS Compiler Error
Error Message: The struct 'MusicListContainer' can not be decorated with '@ComponentV2' and '@Component', '@Reusable', '@CustomDialog' at the same time. At File: E:/Harmony/HarmoneyClassFile/MusicTest/entry/src/main/ets/component/MusicListContainer.ets:6:14


20 ERROR: 10905324 ArkTS Compiler Error
Error Message: The 'regular' property 'onMusicClick' in the custom component 'MusicListItem' cannot be initialized here (forbidden to specify). At File: E:/Harmony/HarmoneyClassFile/MusicTest/entry/src/main/ets/component/MusicListContainer.ets:20:15


21 ERROR: 10905324 ArkTS Compiler Error
Error Message: The 'regular' property 'onDownloadClick' in the custom component 'MusicListItem' cannot be initialized here (forbidden to specify). At File: E:/Harmony/HarmoneyClassFile/MusicTest/entry/src/main/ets/component/MusicListContainer.ets:23:15


22 ERROR: 10905324 ArkTS Compiler Error
Error Message: The 'regular' property 'onCollectClick' in the custom component 'MusicListItem' cannot be initialized here (forbidden to specify). At File: E:/Harmony/HarmoneyClassFile/MusicTest/entry/src/main/ets/component/MusicListContainer.ets:26:15


23 ERROR: 10905229 ArkTS Compiler Error
Error Message: The struct 'MusicListItem' can not be decorated with '@ComponentV2' and '@Component', '@Reusable', '@CustomDialog' at the same time. At File: E:/Harmony/HarmoneyClassFile/MusicTest/entry/src/main/ets/component/MusicListItem.ets:5:14


COMPILE RESULT:FAIL {ERROR:24 WARN:2}

* Try:
> Run with --stacktrace option to get the stack trace.
> Run with --debug option to get more log output.

> hvigor ERROR: BUILD FAILED in 9 s 764 ms 

Process finished with exit code -1
